<?xml version="1.0" encoding="utf-8"?><testsuites><testsuite errors="0" failures="0" hostname="DESKTOP-KMQDHEP" name="pytest" skipped="0" tests="3" time="66.764" timestamp="2022-04-22T15:46:08.542173"><testcase classname="test_HomePage.TestHomePage" name="test_formSubmission[getData0]" time="12.555" /><testcase classname="test_HomePage.TestHomePage" name="test_formSubmission[getData1]" time="4.492" /><testcase classname="test_e2e.TestOne" name="test_e2e" time="49.182" /></testsuite></testsuites>